<?xml version="1.0" encoding="UTF-8"?>
<!-- Generated by org.testng.reporters.JUnitReportReporter -->
<testsuite hostname="DESKTOP-KHFPL78" failures="0" tests="1" name="com.runners.SelectDropdownTestRunner" time="10.881" errors="0" timestamp="2025-03-18T23:50:02 PDT" skipped="0">
  <testcase classname="com.runners.SelectDropdownTestRunner" name="runScenario" time="10.881"/>
</testsuite> <!-- com.runners.SelectDropdownTestRunner -->
