<?xml version="1.0" encoding="UTF-8"?>
<!-- Generated by org.testng.reporters.JUnitReportReporter -->
<testsuite hostname="DESKTOP-KHFPL78" failures="0" tests="1" name="com.runners.CheckBoxTestRunner" time="16.741" errors="0" timestamp="2025-03-19T01:57:16 PDT" skipped="0">
  <testcase classname="com.runners.CheckBoxTestRunner" name="runScenario" time="16.741"/>
</testsuite> <!-- com.runners.CheckBoxTestRunner -->
