<?xml version="1.0" encoding="UTF-8"?>
<!-- Generated by org.testng.reporters.JUnitReportReporter -->
<testsuite hostname="DESKTOP-KHFPL78" failures="0" tests="1" name="com.runners.CheckoutTestRunner" time="13.393" errors="0" timestamp="2025-03-18T23:50:02 PDT" skipped="0">
  <testcase classname="com.runners.CheckoutTestRunner" name="runScenario" time="13.393"/>
</testsuite> <!-- com.runners.CheckoutTestRunner -->
