<?xml version="1.0" encoding="UTF-8"?>
<!-- Generated by org.testng.reporters.JUnitReportReporter -->
<testsuite hostname="DESKTOP-KHFPL78" failures="0" tests="1" name="com.runners.SwitchWindowTestRunner" time="12.954" errors="0" timestamp="2025-03-19T01:57:16 PDT" skipped="0">
  <testcase classname="com.runners.SwitchWindowTestRunner" name="runScenario" time="12.954"/>
</testsuite> <!-- com.runners.SwitchWindowTestRunner -->
