<?xml version="1.0" encoding="UTF-8"?>
<!-- Generated by org.testng.reporters.JUnitReportReporter -->
<testsuite hostname="DESKTOP-KHFPL78" failures="0" tests="1" name="com.runners.SelectDropdownTestRunner" time="9.743" errors="0" timestamp="2025-03-19T01:57:16 PDT" skipped="0">
  <testcase classname="com.runners.SelectDropdownTestRunner" name="runScenario" time="9.743"/>
</testsuite> <!-- com.runners.SelectDropdownTestRunner -->
