<?xml version="1.0" encoding="UTF-8"?>
<!-- Generated by org.testng.reporters.JUnitReportReporter -->
<testsuite hostname="DESKTOP-KHFPL78" failures="0" tests="2" name="com.runners.MouseHoverTestRunner" time="22.724" errors="0" timestamp="2025-03-19T01:57:17 PDT" skipped="0">
  <testcase classname="com.runners.MouseHoverTestRunner" name="runScenario" time="11.655"/>
  <testcase classname="com.runners.MouseHoverTestRunner" name="runScenario" time="11.069"/>
</testsuite> <!-- com.runners.MouseHoverTestRunner -->
