<?xml version="1.0" encoding="UTF-8"?>
<!-- Generated by org.testng.reporters.JUnitReportReporter -->
<testsuite hostname="DESKTOP-KHFPL78" failures="0" tests="1" name="com.runners.SwitchTabTestRunner" time="20.034" errors="0" timestamp="2025-03-19T03:56:18 PDT" skipped="0">
  <testcase classname="com.runners.SwitchTabTestRunner" name="runScenario" time="20.034"/>
</testsuite> <!-- com.runners.SwitchTabTestRunner -->
