<?xml version="1.0" encoding="UTF-8"?>
<!-- Generated by org.testng.reporters.JUnitReportReporter -->
<testsuite hostname="DESKTOP-KHFPL78" failures="0" tests="1" name="com.runners.AutoSuggestTestRunner" time="11.664" errors="0" timestamp="2025-03-18T23:50:02 PDT" skipped="0">
  <testcase classname="com.runners.AutoSuggestTestRunner" name="runScenario" time="11.664"/>
</testsuite> <!-- com.runners.AutoSuggestTestRunner -->
