<?xml version="1.0" encoding="UTF-8"?>
<!-- Generated by org.testng.reporters.JUnitReportReporter -->
<testsuite hostname="DESKTOP-KHFPL78" failures="0" tests="1" name="com.runners.AddToCartTestRunner" time="13.755" errors="0" timestamp="2025-03-19T01:57:16 PDT" skipped="0">
  <testcase classname="com.runners.AddToCartTestRunner" name="runScenario" time="13.755"/>
</testsuite> <!-- com.runners.AddToCartTestRunner -->
