<?xml version="1.0" encoding="UTF-8"?>
<!-- Generated by org.testng.reporters.JUnitReportReporter -->
<testsuite hostname="DESKTOP-KHFPL78" failures="0" tests="2" name="com.runners.MouseHoverTestRunner" time="20.701" errors="0" timestamp="2025-03-18T23:50:02 PDT" skipped="0">
  <testcase classname="com.runners.MouseHoverTestRunner" name="runScenario" time="10.368"/>
  <testcase classname="com.runners.MouseHoverTestRunner" name="runScenario" time="10.333"/>
</testsuite> <!-- com.runners.MouseHoverTestRunner -->
