<?xml version="1.0" encoding="UTF-8"?>
<!-- Generated by org.testng.reporters.JUnitReportReporter -->
<testsuite hostname="DESKTOP-KHFPL78" failures="0" tests="2" name="com.runners.EnableDisableTestRunner" time="24.179" errors="0" timestamp="2025-03-18T23:50:02 PDT" skipped="0">
  <testcase classname="com.runners.EnableDisableTestRunner" name="runScenario" time="10.455"/>
  <testcase classname="com.runners.EnableDisableTestRunner" name="runScenario" time="13.724"/>
</testsuite> <!-- com.runners.EnableDisableTestRunner -->
