<?xml version="1.0" encoding="UTF-8"?>
<!-- Generated by org.testng.reporters.JUnitReportReporter -->
<testsuite hostname="DESKTOP-KHFPL78" failures="0" tests="1" name="com.runners.HideShowTestRunner" time="16.284" errors="0" timestamp="2025-03-19T01:57:17 PDT" skipped="0">
  <testcase classname="com.runners.HideShowTestRunner" name="runScenario" time="16.284"/>
</testsuite> <!-- com.runners.HideShowTestRunner -->
